  BankSystemOOP.cpp
C:\Users\dell\Desktop\ProjectsGithub\BankSystemOOP\BankSystemOOP\BankSystemOOP\clsString.h(39,25): warning C4267: 'return': conversion from 'size_t' to 'short', possible loss of data
  (compiling source file 'BankSystemOOP.cpp')
  
C:\Users\dell\Desktop\ProjectsGithub\BankSystemOOP\BankSystemOOP\BankSystemOOP\clsString.h(44,29): warning C4267: 'return': conversion from 'size_t' to 'short', possible loss of data
  (compiling source file 'BankSystemOOP.cpp')
  
C:\Users\dell\Desktop\ProjectsGithub\BankSystemOOP\BankSystemOOP\BankSystemOOP\clsString.h(56,30): warning C4267: '=': conversion from 'size_t' to 'short', possible loss of data
  (compiling source file 'BankSystemOOP.cpp')
  
C:\Users\dell\Desktop\ProjectsGithub\BankSystemOOP\BankSystemOOP\BankSystemOOP\clsString.h(193,29): warning C4267: 'return': conversion from 'size_t' to 'short', possible loss of data
  (compiling source file 'BankSystemOOP.cpp')
  
C:\Users\dell\Desktop\ProjectsGithub\BankSystemOOP\BankSystemOOP\BankSystemOOP\clsString.h(324,30): warning C4267: '=': conversion from 'size_t' to 'short', possible loss of data
  (compiling source file 'BankSystemOOP.cpp')
  
C:\Users\dell\Desktop\ProjectsGithub\BankSystemOOP\BankSystemOOP\BankSystemOOP\clsString.h(372,22): warning C4267: 'initializing': conversion from 'size_t' to 'short', possible loss of data
  (compiling source file 'BankSystemOOP.cpp')
  
C:\Users\dell\Desktop\ProjectsGithub\BankSystemOOP\BankSystemOOP\BankSystemOOP\clsBankClient.h(47,144): warning C4244: 'argument': conversion from 'double' to 'float', possible loss of data
  (compiling source file 'BankSystemOOP.cpp')
  
C:\Users\dell\Desktop\ProjectsGithub\BankSystemOOP\BankSystemOOP\BankSystemOOP\clsInputValidate.h(98,16): warning C4244: 'initializing': conversion from 'double' to 'float', possible loss of data
  (compiling source file 'BankSystemOOP.cpp')
  
C:\Users\dell\Desktop\ProjectsGithub\BankSystemOOP\BankSystemOOP\BankSystemOOP\clsInputValidate.h(102,26): warning C4244: '=': conversion from 'double' to 'float', possible loss of data
  (compiling source file 'BankSystemOOP.cpp')
  
C:\Users\dell\Desktop\ProjectsGithub\BankSystemOOP\BankSystemOOP\BankSystemOOP\BankSystemOOP.cpp(23,62): warning C4244: 'argument': conversion from 'double' to 'float', possible loss of data
C:\Users\dell\Desktop\ProjectsGithub\BankSystemOOP\BankSystemOOP\BankSystemOOP\clsBankClient.h(239,1): warning C4715: 'clsBankClient::Save': not all control paths return a value
  BankSystemOOP.vcxproj -> C:\Users\dell\Desktop\ProjectsGithub\BankSystemOOP\BankSystemOOP\x64\Debug\BankSystemOOP.exe
